/home/sjalui/blue_cap5404/sjalui/Project3/KPConv-PyTorch
c38a-s37.ufhpc
Tue Dec  6 01:32:48 EST 2022
Tue Dec  6 01:32:48 2022       
+-----------------------------------------------------------------------------+
| NVIDIA-SMI 470.82.01    Driver Version: 470.82.01    CUDA Version: 11.4     |
|-------------------------------+----------------------+----------------------+
| GPU  Name        Persistence-M| Bus-Id        Disp.A | Volatile Uncorr. ECC |
| Fan  Temp  Perf  Pwr:Usage/Cap|         Memory-Usage | GPU-Util  Compute M. |
|                               |                      |               MIG M. |
|===============================+======================+======================|
|   0  NVIDIA GeForce ...  On   | 00000000:1A:00.0 Off |                  N/A |
| 32%   37C    P8    37W / 250W |      1MiB / 11019MiB |      0%      Default |
|                               |                      |                  N/A |
+-------------------------------+----------------------+----------------------+
|   1  NVIDIA GeForce ...  On   | 00000000:1B:00.0 Off |                  N/A |
| 31%   36C    P8    29W / 250W |      1MiB / 11019MiB |      0%      Default |
|                               |                      |                  N/A |
+-------------------------------+----------------------+----------------------+
|   2  NVIDIA GeForce ...  On   | 00000000:60:00.0 Off |                  N/A |
| 32%   37C    P8    15W / 250W |      1MiB / 11019MiB |      0%      Default |
|                               |                      |                  N/A |
+-------------------------------+----------------------+----------------------+
|   3  NVIDIA GeForce ...  On   | 00000000:61:00.0 Off |                  N/A |
| 32%   39C    P8    33W / 250W |      1MiB / 11019MiB |      0%      Default |
|                               |                      |                  N/A |
+-------------------------------+----------------------+----------------------+
|   4  NVIDIA GeForce ...  On   | 00000000:B1:00.0 Off |                  N/A |
| 31%   34C    P8    21W / 250W |      1MiB / 11019MiB |      0%      Default |
|                               |                      |                  N/A |
+-------------------------------+----------------------+----------------------+
|   5  NVIDIA GeForce ...  On   | 00000000:B2:00.0 Off |                  N/A |
| 32%   36C    P8    36W / 250W |      1MiB / 11019MiB |      0%      Default |
|                               |                      |                  N/A |
+-------------------------------+----------------------+----------------------+
|   6  NVIDIA GeForce ...  On   | 00000000:DA:00.0 Off |                  N/A |
| 30%   30C    P8    20W / 250W |      1MiB / 11019MiB |      0%      Default |
|                               |                      |                  N/A |
+-------------------------------+----------------------+----------------------+
|   7  NVIDIA GeForce ...  On   | 00000000:DB:00.0 Off |                  N/A |
| 31%   29C    P8     6W / 250W |      1MiB / 11019MiB |      0%      Default |
|                               |                      |                  N/A |
+-------------------------------+----------------------+----------------------+
                                                                               
+-----------------------------------------------------------------------------+
| Processes:                                                                  |
|  GPU   GI   CI        PID   Type   Process name                  GPU Memory |
|        ID   ID                                                   Usage      |
|=============================================================================|
|  No running processes found                                                 |
+-----------------------------------------------------------------------------+
results/Log_2022-11-21_06-02-27
   mean   | ceiling    floor      wall      beam     column    window     door     chair     table    bookcase    sofa     board    clutter  
----------|----------------------------------------------------------------------------------------------------------------------------------
   61.9   |   91.7      97.9      79.0      12.4      21.7      51.1      57.0      87.0      74.4      70.5      53.3      55.6      52.6   
----------|----------------------------------------------------------------------------------------------------------------------------------
   66.0   |   93.3      98.2      82.5      0.0       19.6      55.2      68.9      90.8      81.1      74.9      65.5      70.6      57.6   
